<?xml version="1.0" encoding="UTF-8"?>
<testng-results ignored="0" total="1" passed="1" failed="0" skipped="0">
  <reporter-output>
  </reporter-output>
  <suite started-at="2024-09-02T08:56:52 IST" name="Default suite" finished-at="2024-09-02T08:57:05 IST" duration-ms="13686">
    <groups>
    </groups>
    <test started-at="2024-09-02T08:56:52 IST" name="Default test" finished-at="2024-09-02T08:57:05 IST" duration-ms="13686">
      <class name="sep2nd.JavaScripClickDemo2">
        <test-method is-config="true" signature="setUp()[pri:0, instance:sep2nd.JavaScripClickDemo2@2fd1433e]" started-at="2024-09-02T08:56:52 IST" name="setUp" finished-at="2024-09-02T08:56:59 IST" duration-ms="7172" status="PASS">
          <reporter-output>
          </reporter-output>
        </test-method> <!-- setUp -->
        <test-method signature="scrollTest1()[pri:0, instance:sep2nd.JavaScripClickDemo2@2fd1433e]" started-at="2024-09-02T08:56:59 IST" name="scrollTest1" finished-at="2024-09-02T08:57:02 IST" duration-ms="3094" status="PASS">
          <reporter-output>
          </reporter-output>
        </test-method> <!-- scrollTest1 -->
        <test-method is-config="true" signature="teardown()[pri:0, instance:sep2nd.JavaScripClickDemo2@2fd1433e]" started-at="2024-09-02T08:57:02 IST" name="teardown" finished-at="2024-09-02T08:57:05 IST" duration-ms="3385" status="PASS">
          <reporter-output>
          </reporter-output>
        </test-method> <!-- teardown -->
      </class> <!-- sep2nd.JavaScripClickDemo2 -->
    </test> <!-- Default test -->
  </suite> <!-- Default suite -->
</testng-results>
