<?xml version="1.0" encoding="UTF-8"?>
<testng-results ignored="0" total="1" passed="1" failed="0" skipped="0">
  <reporter-output>
  </reporter-output>
  <suite started-at="2024-09-04T08:58:41 IST" name="Default suite" finished-at="2024-09-04T08:58:53 IST" duration-ms="11371">
    <groups>
    </groups>
    <test started-at="2024-09-04T08:58:41 IST" name="Default test" finished-at="2024-09-04T08:58:53 IST" duration-ms="11371">
      <class name="sep4th.WaitsDemo3">
        <test-method is-config="true" signature="setUp()[pri:0, instance:sep4th.WaitsDemo3@57af006c]" started-at="2024-09-04T08:58:41 IST" name="setUp" finished-at="2024-09-04T08:58:44 IST" duration-ms="2453" status="PASS">
          <reporter-output>
          </reporter-output>
        </test-method> <!-- setUp -->
        <test-method signature="waitsTest1()[pri:0, instance:sep4th.WaitsDemo3@57af006c]" started-at="2024-09-04T08:58:44 IST" name="waitsTest1" finished-at="2024-09-04T08:58:49 IST" duration-ms="5490" status="PASS">
          <reporter-output>
          </reporter-output>
        </test-method> <!-- waitsTest1 -->
        <test-method is-config="true" signature="teardown()[pri:0, instance:sep4th.WaitsDemo3@57af006c]" started-at="2024-09-04T08:58:49 IST" name="teardown" finished-at="2024-09-04T08:58:53 IST" duration-ms="3400" status="PASS">
          <reporter-output>
          </reporter-output>
        </test-method> <!-- teardown -->
      </class> <!-- sep4th.WaitsDemo3 -->
    </test> <!-- Default test -->
  </suite> <!-- Default suite -->
</testng-results>
