<?xml version="1.0" encoding="UTF-8"?>
<!-- Generated by org.testng.reporters.JUnitReportReporter -->
<testsuite hostname="LAPTOP-GAUPM6CM" failures="0" tests="4" name="aug27th.AdactinHotelApp2" time="0.016" errors="0" timestamp="2024-08-28T08:07:57 IST" skipped="1">
  <testcase classname="aug27th.AdactinHotelApp2" name="registrationTest" time="0.004"/>
  <system-out/>
  <testcase classname="aug27th.AdactinHotelApp2" name="loginTest" time="0.011"/>
  <system-out/>
  <testcase classname="aug27th.AdactinHotelApp2" name="changePasswordTest" time="0.001"/>
  <system-out/>
  <testcase classname="aug27th.AdactinHotelApp2" name="forgotPasswordTest">
    <skipped/>
  </testcase> <!-- forgotPasswordTest -->
  <system-out/>
</testsuite> <!-- aug27th.AdactinHotelApp2 -->
