<?xml version="1.0" encoding="UTF-8"?>
<!-- Generated by org.testng.reporters.JUnitReportReporter -->
<testsuite hostname="LAPTOP-GAUPM6CM" failures="0" tests="4" name="aug27th.AdactinHotelApp2" time="0.018" errors="0" timestamp="2024-08-27T08:54:29 IST" skipped="0">
  <testcase classname="aug27th.AdactinHotelApp2" name="registrationTest" time="0.006"/>
  <system-out/>
  <testcase classname="aug27th.AdactinHotelApp2" name="loginTest" time="0.006"/>
  <system-out/>
  <testcase classname="aug27th.AdactinHotelApp2" name="forgotPasswordTest" time="0.000"/>
  <system-out/>
  <testcase classname="aug27th.AdactinHotelApp2" name="changePasswordTest" time="0.006"/>
  <system-out/>
</testsuite> <!-- aug27th.AdactinHotelApp2 -->
