<?xml version="1.0" encoding="UTF-8"?>
<!-- Generated by org.testng.reporters.JUnitReportReporter -->
<testsuite hostname="LAPTOP-GAUPM6CM" failures="0" tests="3" name="sep5th.CheckBox" time="44.928" errors="0" timestamp="2024-09-05T08:38:39 IST" skipped="0">
  <testcase classname="sep5th.CheckBox" name="checkBoxTest2" time="15.601"/>
  <system-out/>
  <testcase classname="sep5th.CheckBox" name="checkBoxTest3" time="19.955"/>
  <system-out/>
  <testcase classname="sep5th.CheckBox" name="checkBoxTest1" time="9.372"/>
  <system-out/>
</testsuite> <!-- sep5th.CheckBox -->
